<?xml version="1.0" encoding="UTF-8"?>
<testng-results ignored="0" total="8" passed="7" failed="1" skipped="0">
  <reporter-output>
  </reporter-output>
  <suite started-at="2021-04-05T01:15:29 IST" name="Default suite" finished-at="2021-04-05T01:15:47 IST" duration-ms="18381">
    <groups>
    </groups>
    <test started-at="2021-04-05T01:15:29 IST" name="Default test" finished-at="2021-04-05T01:15:47 IST" duration-ms="18381">
      <class name="InsideBata">
        <test-method is-config="true" signature="browserLaunch()[pri:0, instance:InsideBata@28cda624]" started-at="2021-04-05T01:15:29 IST" name="browserLaunch" finished-at="2021-04-05T01:15:37 IST" duration-ms="8576" status="PASS">
          <reporter-output>
          </reporter-output>
        </test-method> <!-- browserLaunch -->
        <test-method is-config="true" signature="startReport1(java.lang.reflect.Method)[pri:0, instance:InsideBata@28cda624]" started-at="2021-04-05T01:15:37 IST" name="startReport1" finished-at="2021-04-05T01:15:37 IST" duration-ms="19" status="PASS">
          <params>
            <param index="0">
              <value>
                <![CDATA[public void InsideBata.Searchinput()]]>
              </value>
            </param>
          </params>
          <reporter-output>
          </reporter-output>
        </test-method> <!-- startReport1 -->
        <test-method signature="Searchinput()[pri:1, instance:InsideBata@28cda624]" started-at="2021-04-05T01:15:37 IST" name="Searchinput" finished-at="2021-04-05T01:15:38 IST" duration-ms="424" status="PASS">
          <reporter-output>
          </reporter-output>
        </test-method> <!-- Searchinput -->
        <test-method is-config="true" signature="endReport1()[pri:0, instance:InsideBata@28cda624]" started-at="2021-04-05T01:15:38 IST" name="endReport1" finished-at="2021-04-05T01:15:38 IST" duration-ms="434" status="PASS">
          <reporter-output>
          </reporter-output>
        </test-method> <!-- endReport1 -->
        <test-method signature="searchingrequiredproduct()[pri:2, instance:InsideBata@28cda624]" started-at="2021-04-05T01:15:38 IST" name="searchingrequiredproduct" finished-at="2021-04-05T01:15:40 IST" duration-ms="1595" status="PASS">
          <reporter-output>
          </reporter-output>
        </test-method> <!-- searchingrequiredproduct -->
        <test-method is-config="true" signature="startReport1(java.lang.reflect.Method)[pri:0, instance:InsideBata@28cda624]" started-at="2021-04-05T01:15:38 IST" name="startReport1" finished-at="2021-04-05T01:15:38 IST" duration-ms="0" status="PASS">
          <params>
            <param index="0">
              <value>
                <![CDATA[public void InsideBata.searchingrequiredproduct()]]>
              </value>
            </param>
          </params>
          <reporter-output>
          </reporter-output>
        </test-method> <!-- startReport1 -->
        <test-method is-config="true" signature="endReport1()[pri:0, instance:InsideBata@28cda624]" started-at="2021-04-05T01:15:40 IST" name="endReport1" finished-at="2021-04-05T01:15:40 IST" duration-ms="66" status="PASS">
          <reporter-output>
          </reporter-output>
        </test-method> <!-- endReport1 -->
        <test-method signature="SelectShoes()[pri:3, instance:InsideBata@28cda624]" started-at="2021-04-05T01:15:40 IST" name="SelectShoes" finished-at="2021-04-05T01:15:44 IST" duration-ms="4737" status="FAIL">
          <exception class="org.openqa.selenium.NoSuchElementException">
            <message>
              <![CDATA[no such element: Unable to locate element: {"method":"css selector","selector":"#pageUrl_1465235"}
  (Session info: chrome=89.0.4389.114)
For documentation on this error, please visit: https://www.seleniumhq.org/exceptions/no_such_element.html
Build info: version: '3.141.59', revision: 'e82be7d358', time: '2018-11-14T08:25:48'
System info: host: 'DEVANSH', ip: '192.168.0.108', os.name: 'Windows 10', os.arch: 'amd64', os.version: '10.0', java.version: '11.0.8'
Driver info: org.openqa.selenium.chrome.ChromeDriver
Capabilities {acceptInsecureCerts: false, browserName: chrome, browserVersion: 89.0.4389.114, chrome: {chromedriverVersion: 88.0.4324.96 (68dba2d8a0b14..., userDataDir: C:\Users\91935\AppData\Loca...}, goog:chromeOptions: {debuggerAddress: localhost:55021}, javascriptEnabled: true, networkConnectionEnabled: false, pageLoadStrategy: normal, platform: WINDOWS, platformName: WINDOWS, proxy: Proxy(), setWindowRect: true, strictFileInteractability: false, timeouts: {implicit: 0, pageLoad: 300000, script: 30000}, unhandledPromptBehavior: dismiss and notify, webauthn:extension:largeBlob: true, webauthn:virtualAuthenticators: true}
Session ID: 4d97b72e75ef90f9ae6339c16a43d173
*** Element info: {Using=id, value=pageUrl_1465235}]]>
            </message>
            <full-stacktrace>
              <![CDATA[org.openqa.selenium.NoSuchElementException: no such element: Unable to locate element: {"method":"css selector","selector":"#pageUrl_1465235"}
  (Session info: chrome=89.0.4389.114)
For documentation on this error, please visit: https://www.seleniumhq.org/exceptions/no_such_element.html
Build info: version: '3.141.59', revision: 'e82be7d358', time: '2018-11-14T08:25:48'
System info: host: 'DEVANSH', ip: '192.168.0.108', os.name: 'Windows 10', os.arch: 'amd64', os.version: '10.0', java.version: '11.0.8'
Driver info: org.openqa.selenium.chrome.ChromeDriver
Capabilities {acceptInsecureCerts: false, browserName: chrome, browserVersion: 89.0.4389.114, chrome: {chromedriverVersion: 88.0.4324.96 (68dba2d8a0b14..., userDataDir: C:\Users\91935\AppData\Loca...}, goog:chromeOptions: {debuggerAddress: localhost:55021}, javascriptEnabled: true, networkConnectionEnabled: false, pageLoadStrategy: normal, platform: WINDOWS, platformName: WINDOWS, proxy: Proxy(), setWindowRect: true, strictFileInteractability: false, timeouts: {implicit: 0, pageLoad: 300000, script: 30000}, unhandledPromptBehavior: dismiss and notify, webauthn:extension:largeBlob: true, webauthn:virtualAuthenticators: true}
Session ID: 4d97b72e75ef90f9ae6339c16a43d173
*** Element info: {Using=id, value=pageUrl_1465235}
at java.base/jdk.internal.reflect.NativeConstructorAccessorImpl.newInstance0(Native Method)
at java.base/jdk.internal.reflect.NativeConstructorAccessorImpl.newInstance(NativeConstructorAccessorImpl.java:62)
at java.base/jdk.internal.reflect.DelegatingConstructorAccessorImpl.newInstance(DelegatingConstructorAccessorImpl.java:45)
at java.base/java.lang.reflect.Constructor.newInstance(Constructor.java:490)
at org.openqa.selenium.remote.http.W3CHttpResponseCodec.createException(W3CHttpResponseCodec.java:187)
at org.openqa.selenium.remote.http.W3CHttpResponseCodec.decode(W3CHttpResponseCodec.java:122)
at org.openqa.selenium.remote.http.W3CHttpResponseCodec.decode(W3CHttpResponseCodec.java:49)
at org.openqa.selenium.remote.HttpCommandExecutor.execute(HttpCommandExecutor.java:158)
at org.openqa.selenium.remote.service.DriverCommandExecutor.execute(DriverCommandExecutor.java:83)
at org.openqa.selenium.remote.RemoteWebDriver.execute(RemoteWebDriver.java:552)
at org.openqa.selenium.remote.RemoteWebDriver.findElement(RemoteWebDriver.java:323)
at org.openqa.selenium.remote.RemoteWebDriver.findElementById(RemoteWebDriver.java:372)
at org.openqa.selenium.By$ById.findElement(By.java:188)
at org.openqa.selenium.remote.RemoteWebDriver.findElement(RemoteWebDriver.java:315)
at InsideBata.SelectShoes(InsideBata.java:76)
at java.base/jdk.internal.reflect.NativeMethodAccessorImpl.invoke0(Native Method)
at java.base/jdk.internal.reflect.NativeMethodAccessorImpl.invoke(NativeMethodAccessorImpl.java:62)
at java.base/jdk.internal.reflect.DelegatingMethodAccessorImpl.invoke(DelegatingMethodAccessorImpl.java:43)
at java.base/java.lang.reflect.Method.invoke(Method.java:566)
at org.testng.internal.MethodInvocationHelper.invokeMethod(MethodInvocationHelper.java:132)
at org.testng.internal.TestInvoker.invokeMethod(TestInvoker.java:599)
at org.testng.internal.TestInvoker.invokeTestMethod(TestInvoker.java:174)
at org.testng.internal.MethodRunner.runInSequence(MethodRunner.java:46)
at org.testng.internal.TestInvoker$MethodInvocationAgent.invoke(TestInvoker.java:822)
at org.testng.internal.TestInvoker.invokeTestMethods(TestInvoker.java:147)
at org.testng.internal.TestMethodWorker.invokeTestMethods(TestMethodWorker.java:146)
at org.testng.internal.TestMethodWorker.run(TestMethodWorker.java:128)
at java.base/java.util.ArrayList.forEach(ArrayList.java:1541)
at org.testng.TestRunner.privateRun(TestRunner.java:764)
at org.testng.TestRunner.run(TestRunner.java:585)
at org.testng.SuiteRunner.runTest(SuiteRunner.java:384)
at org.testng.SuiteRunner.runSequentially(SuiteRunner.java:378)
at org.testng.SuiteRunner.privateRun(SuiteRunner.java:337)
at org.testng.SuiteRunner.run(SuiteRunner.java:286)
at org.testng.SuiteRunnerWorker.runSuite(SuiteRunnerWorker.java:53)
at org.testng.SuiteRunnerWorker.run(SuiteRunnerWorker.java:96)
at org.testng.TestNG.runSuitesSequentially(TestNG.java:1218)
at org.testng.TestNG.runSuitesLocally(TestNG.java:1140)
at org.testng.TestNG.runSuites(TestNG.java:1069)
at org.testng.TestNG.run(TestNG.java:1037)
at org.testng.remote.AbstractRemoteTestNG.run(AbstractRemoteTestNG.java:115)
at org.testng.remote.RemoteTestNG.initAndRun(RemoteTestNG.java:251)
at org.testng.remote.RemoteTestNG.main(RemoteTestNG.java:77)
]]>
            </full-stacktrace>
          </exception> <!-- org.openqa.selenium.NoSuchElementException -->
          <reporter-output>
          </reporter-output>
        </test-method> <!-- SelectShoes -->
        <test-method is-config="true" signature="startReport1(java.lang.reflect.Method)[pri:0, instance:InsideBata@28cda624]" started-at="2021-04-05T01:15:40 IST" name="startReport1" finished-at="2021-04-05T01:15:40 IST" duration-ms="0" status="PASS">
          <params>
            <param index="0">
              <value>
                <![CDATA[public void InsideBata.SelectShoes()]]>
              </value>
            </param>
          </params>
          <reporter-output>
          </reporter-output>
        </test-method> <!-- startReport1 -->
        <test-method is-config="true" signature="endReport1()[pri:0, instance:InsideBata@28cda624]" started-at="2021-04-05T01:15:44 IST" name="endReport1" finished-at="2021-04-05T01:15:45 IST" duration-ms="153" status="PASS">
          <reporter-output>
          </reporter-output>
        </test-method> <!-- endReport1 -->
        <test-method is-config="true" signature="startReport1(java.lang.reflect.Method)[pri:0, instance:InsideBata@28cda624]" started-at="2021-04-05T01:15:45 IST" name="startReport1" finished-at="2021-04-05T01:15:45 IST" duration-ms="1" status="PASS">
          <params>
            <param index="0">
              <value>
                <![CDATA[public void InsideBata.ImagevisibilityCheck()]]>
              </value>
            </param>
          </params>
          <reporter-output>
          </reporter-output>
        </test-method> <!-- startReport1 -->
        <test-method signature="ImagevisibilityCheck()[pri:4, instance:InsideBata@28cda624]" started-at="2021-04-05T01:15:45 IST" name="ImagevisibilityCheck" finished-at="2021-04-05T01:15:45 IST" duration-ms="39" status="PASS">
          <reporter-output>
          </reporter-output>
        </test-method> <!-- ImagevisibilityCheck -->
        <test-method is-config="true" signature="endReport1()[pri:0, instance:InsideBata@28cda624]" started-at="2021-04-05T01:15:45 IST" name="endReport1" finished-at="2021-04-05T01:15:45 IST" duration-ms="52" status="PASS">
          <reporter-output>
          </reporter-output>
        </test-method> <!-- endReport1 -->
        <test-method is-config="true" signature="startReport1(java.lang.reflect.Method)[pri:0, instance:InsideBata@28cda624]" started-at="2021-04-05T01:15:45 IST" name="startReport1" finished-at="2021-04-05T01:15:45 IST" duration-ms="1" status="PASS">
          <params>
            <param index="0">
              <value>
                <![CDATA[public void InsideBata.MRPAvailable()]]>
              </value>
            </param>
          </params>
          <reporter-output>
          </reporter-output>
        </test-method> <!-- startReport1 -->
        <test-method signature="MRPAvailable()[pri:5, instance:InsideBata@28cda624]" started-at="2021-04-05T01:15:45 IST" name="MRPAvailable" finished-at="2021-04-05T01:15:46 IST" duration-ms="1578" status="PASS">
          <reporter-output>
          </reporter-output>
        </test-method> <!-- MRPAvailable -->
        <test-method is-config="true" signature="endReport1()[pri:0, instance:InsideBata@28cda624]" started-at="2021-04-05T01:15:46 IST" name="endReport1" finished-at="2021-04-05T01:15:46 IST" duration-ms="36" status="PASS">
          <reporter-output>
          </reporter-output>
        </test-method> <!-- endReport1 -->
        <test-method is-config="true" signature="startReport1(java.lang.reflect.Method)[pri:0, instance:InsideBata@28cda624]" started-at="2021-04-05T01:15:46 IST" name="startReport1" finished-at="2021-04-05T01:15:46 IST" duration-ms="0" status="PASS">
          <params>
            <param index="0">
              <value>
                <![CDATA[public void InsideBata.AddtoCartAvailable()]]>
              </value>
            </param>
          </params>
          <reporter-output>
          </reporter-output>
        </test-method> <!-- startReport1 -->
        <test-method signature="AddtoCartAvailable()[pri:6, instance:InsideBata@28cda624]" started-at="2021-04-05T01:15:46 IST" name="AddtoCartAvailable" finished-at="2021-04-05T01:15:46 IST" duration-ms="44" status="PASS">
          <reporter-output>
          </reporter-output>
        </test-method> <!-- AddtoCartAvailable -->
        <test-method is-config="true" signature="endReport1()[pri:0, instance:InsideBata@28cda624]" started-at="2021-04-05T01:15:46 IST" name="endReport1" finished-at="2021-04-05T01:15:47 IST" duration-ms="172" status="PASS">
          <reporter-output>
          </reporter-output>
        </test-method> <!-- endReport1 -->
        <test-method is-config="true" signature="startReport1(java.lang.reflect.Method)[pri:0, instance:InsideBata@28cda624]" started-at="2021-04-05T01:15:47 IST" name="startReport1" finished-at="2021-04-05T01:15:47 IST" duration-ms="3" status="PASS">
          <params>
            <param index="0">
              <value>
                <![CDATA[public void InsideBata.SizeSelect()]]>
              </value>
            </param>
          </params>
          <reporter-output>
          </reporter-output>
        </test-method> <!-- startReport1 -->
        <test-method signature="SizeSelect()[pri:7, instance:InsideBata@28cda624]" started-at="2021-04-05T01:15:47 IST" name="SizeSelect" finished-at="2021-04-05T01:15:47 IST" duration-ms="107" status="PASS">
          <reporter-output>
          </reporter-output>
        </test-method> <!-- SizeSelect -->
        <test-method is-config="true" signature="endReport1()[pri:0, instance:InsideBata@28cda624]" started-at="2021-04-05T01:15:47 IST" name="endReport1" finished-at="2021-04-05T01:15:47 IST" duration-ms="37" status="PASS">
          <reporter-output>
          </reporter-output>
        </test-method> <!-- endReport1 -->
        <test-method signature="AddingtoCart()[pri:8, instance:InsideBata@28cda624]" started-at="2021-04-05T01:15:47 IST" name="AddingtoCart" finished-at="2021-04-05T01:15:47 IST" duration-ms="205" status="PASS">
          <reporter-output>
          </reporter-output>
        </test-method> <!-- AddingtoCart -->
        <test-method is-config="true" signature="startReport1(java.lang.reflect.Method)[pri:0, instance:InsideBata@28cda624]" started-at="2021-04-05T01:15:47 IST" name="startReport1" finished-at="2021-04-05T01:15:47 IST" duration-ms="0" status="PASS">
          <params>
            <param index="0">
              <value>
                <![CDATA[public void InsideBata.AddingtoCart()]]>
              </value>
            </param>
          </params>
          <reporter-output>
          </reporter-output>
        </test-method> <!-- startReport1 -->
        <test-method is-config="true" signature="endReport1()[pri:0, instance:InsideBata@28cda624]" started-at="2021-04-05T01:15:47 IST" name="endReport1" finished-at="2021-04-05T01:15:47 IST" duration-ms="41" status="PASS">
          <reporter-output>
          </reporter-output>
        </test-method> <!-- endReport1 -->
      </class> <!-- InsideBata -->
    </test> <!-- Default test -->
  </suite> <!-- Default suite -->
</testng-results>
